00:01:19.059 [HikariPool-1 housekeeper] WARN  com.zaxxer.hikari.pool.HikariPool - HikariPool-1 - Thread starvation or clock leap detected (housekeeper delta=44m29s541ms415µs300ns).
00:01:19.073 [HikariPool-1 housekeeper] DEBUG com.zaxxer.hikari.pool.HikariPool - HikariPool-1 - Before cleanup stats (total=1, active=0, idle=1, waiting=0)
00:01:19.073 [HikariPool-1 housekeeper] DEBUG com.zaxxer.hikari.pool.HikariPool - HikariPool-1 - After cleanup  stats (total=1, active=0, idle=1, waiting=0)
00:01:19.073 [HikariPool-1 housekeeper] DEBUG com.zaxxer.hikari.pool.HikariPool - HikariPool-1 - Fill pool skipped, pool has sufficient level or currently being filled.
00:01:19.074 [HikariPool-1 connection closer] DEBUG com.zaxxer.hikari.pool.PoolBase - HikariPool-1 - Closing connection org.postgresql.jdbc.PgConnection@6c360732: (connection has passed maxLifetime)
00:01:19.153 [HikariPool-1 connection adder] DEBUG com.zaxxer.hikari.pool.HikariPool - HikariPool-1 - Added connection org.postgresql.jdbc.PgConnection@2529abbb
00:01:19.196 [HikariPool-1 connection adder] DEBUG com.zaxxer.hikari.pool.HikariPool - HikariPool-1 - Connection not added, stats (total=1, active=0, idle=1, waiting=0)
00:01:49.078 [HikariPool-1 housekeeper] DEBUG com.zaxxer.hikari.pool.HikariPool - HikariPool-1 - Before cleanup stats (total=1, active=0, idle=1, waiting=0)
00:01:49.078 [HikariPool-1 housekeeper] DEBUG com.zaxxer.hikari.pool.HikariPool - HikariPool-1 - After cleanup  stats (total=1, active=0, idle=1, waiting=0)
00:01:49.078 [HikariPool-1 housekeeper] DEBUG com.zaxxer.hikari.pool.HikariPool - HikariPool-1 - Fill pool skipped, pool has sufficient level or currently being filled.
00:02:19.087 [HikariPool-1 housekeeper] DEBUG com.zaxxer.hikari.pool.HikariPool - HikariPool-1 - Before cleanup stats (total=1, active=0, idle=1, waiting=0)
00:02:19.087 [HikariPool-1 housekeeper] DEBUG com.zaxxer.hikari.pool.HikariPool - HikariPool-1 - After cleanup  stats (total=1, active=0, idle=1, waiting=0)
00:02:19.087 [HikariPool-1 housekeeper] DEBUG com.zaxxer.hikari.pool.HikariPool - HikariPool-1 - Fill pool skipped, pool has sufficient level or currently being filled.
00:02:49.093 [HikariPool-1 housekeeper] DEBUG com.zaxxer.hikari.pool.HikariPool - HikariPool-1 - Before cleanup stats (total=1, active=0, idle=1, waiting=0)
00:02:49.093 [HikariPool-1 housekeeper] DEBUG com.zaxxer.hikari.pool.HikariPool - HikariPool-1 - After cleanup  stats (total=1, active=0, idle=1, waiting=0)
00:02:49.093 [HikariPool-1 housekeeper] DEBUG com.zaxxer.hikari.pool.HikariPool - HikariPool-1 - Fill pool skipped, pool has sufficient level or currently being filled.
00:03:19.101 [HikariPool-1 housekeeper] DEBUG com.zaxxer.hikari.pool.HikariPool - HikariPool-1 - Before cleanup stats (total=1, active=0, idle=1, waiting=0)
00:03:19.101 [HikariPool-1 housekeeper] DEBUG com.zaxxer.hikari.pool.HikariPool - HikariPool-1 - After cleanup  stats (total=1, active=0, idle=1, waiting=0)
00:03:19.101 [HikariPool-1 housekeeper] DEBUG com.zaxxer.hikari.pool.HikariPool - HikariPool-1 - Fill pool skipped, pool has sufficient level or currently being filled.
00:03:49.114 [HikariPool-1 housekeeper] DEBUG com.zaxxer.hikari.pool.HikariPool - HikariPool-1 - Before cleanup stats (total=1, active=0, idle=1, waiting=0)
00:03:49.114 [HikariPool-1 housekeeper] DEBUG com.zaxxer.hikari.pool.HikariPool - HikariPool-1 - After cleanup  stats (total=1, active=0, idle=1, waiting=0)
00:03:49.114 [HikariPool-1 housekeeper] DEBUG com.zaxxer.hikari.pool.HikariPool - HikariPool-1 - Fill pool skipped, pool has sufficient level or currently being filled.
00:04:19.120 [HikariPool-1 housekeeper] DEBUG com.zaxxer.hikari.pool.HikariPool - HikariPool-1 - Before cleanup stats (total=1, active=0, idle=1, waiting=0)
00:04:19.120 [HikariPool-1 housekeeper] DEBUG com.zaxxer.hikari.pool.HikariPool - HikariPool-1 - After cleanup  stats (total=1, active=0, idle=1, waiting=0)
00:04:19.120 [HikariPool-1 housekeeper] DEBUG com.zaxxer.hikari.pool.HikariPool - HikariPool-1 - Fill pool skipped, pool has sufficient level or currently being filled.
00:04:49.132 [HikariPool-1 housekeeper] DEBUG com.zaxxer.hikari.pool.HikariPool - HikariPool-1 - Before cleanup stats (total=1, active=0, idle=1, waiting=0)
00:04:49.132 [HikariPool-1 housekeeper] DEBUG com.zaxxer.hikari.pool.HikariPool - HikariPool-1 - After cleanup  stats (total=1, active=0, idle=1, waiting=0)
00:04:49.132 [HikariPool-1 housekeeper] DEBUG com.zaxxer.hikari.pool.HikariPool - HikariPool-1 - Fill pool skipped, pool has sufficient level or currently being filled.
00:05:19.137 [HikariPool-1 housekeeper] DEBUG com.zaxxer.hikari.pool.HikariPool - HikariPool-1 - Before cleanup stats (total=1, active=0, idle=1, waiting=0)
00:05:19.137 [HikariPool-1 housekeeper] DEBUG com.zaxxer.hikari.pool.HikariPool - HikariPool-1 - After cleanup  stats (total=1, active=0, idle=1, waiting=0)
00:05:19.137 [HikariPool-1 housekeeper] DEBUG com.zaxxer.hikari.pool.HikariPool - HikariPool-1 - Fill pool skipped, pool has sufficient level or currently being filled.
00:05:49.148 [HikariPool-1 housekeeper] DEBUG com.zaxxer.hikari.pool.HikariPool - HikariPool-1 - Before cleanup stats (total=1, active=0, idle=1, waiting=0)
00:05:49.148 [HikariPool-1 housekeeper] DEBUG com.zaxxer.hikari.pool.HikariPool - HikariPool-1 - After cleanup  stats (total=1, active=0, idle=1, waiting=0)
00:05:49.148 [HikariPool-1 housekeeper] DEBUG com.zaxxer.hikari.pool.HikariPool - HikariPool-1 - Fill pool skipped, pool has sufficient level or currently being filled.
00:06:19.162 [HikariPool-1 housekeeper] DEBUG com.zaxxer.hikari.pool.HikariPool - HikariPool-1 - Before cleanup stats (total=1, active=0, idle=1, waiting=0)
00:06:19.162 [HikariPool-1 housekeeper] DEBUG com.zaxxer.hikari.pool.HikariPool - HikariPool-1 - After cleanup  stats (total=1, active=0, idle=1, waiting=0)
00:06:19.162 [HikariPool-1 housekeeper] DEBUG com.zaxxer.hikari.pool.HikariPool - HikariPool-1 - Fill pool skipped, pool has sufficient level or currently being filled.
00:06:49.165 [HikariPool-1 housekeeper] DEBUG com.zaxxer.hikari.pool.HikariPool - HikariPool-1 - Before cleanup stats (total=1, active=0, idle=1, waiting=0)
00:06:49.165 [HikariPool-1 housekeeper] DEBUG com.zaxxer.hikari.pool.HikariPool - HikariPool-1 - After cleanup  stats (total=1, active=0, idle=1, waiting=0)
00:06:49.165 [HikariPool-1 housekeeper] DEBUG com.zaxxer.hikari.pool.HikariPool - HikariPool-1 - Fill pool skipped, pool has sufficient level or currently being filled.
00:07:19.166 [HikariPool-1 housekeeper] DEBUG com.zaxxer.hikari.pool.HikariPool - HikariPool-1 - Before cleanup stats (total=1, active=0, idle=1, waiting=0)
00:07:19.166 [HikariPool-1 housekeeper] DEBUG com.zaxxer.hikari.pool.HikariPool - HikariPool-1 - After cleanup  stats (total=1, active=0, idle=1, waiting=0)
00:07:19.166 [HikariPool-1 housekeeper] DEBUG com.zaxxer.hikari.pool.HikariPool - HikariPool-1 - Fill pool skipped, pool has sufficient level or currently being filled.
00:07:49.182 [HikariPool-1 housekeeper] DEBUG com.zaxxer.hikari.pool.HikariPool - HikariPool-1 - Before cleanup stats (total=1, active=0, idle=1, waiting=0)
00:07:49.182 [HikariPool-1 housekeeper] DEBUG com.zaxxer.hikari.pool.HikariPool - HikariPool-1 - After cleanup  stats (total=1, active=0, idle=1, waiting=0)
00:07:49.182 [HikariPool-1 housekeeper] DEBUG com.zaxxer.hikari.pool.HikariPool - HikariPool-1 - Fill pool skipped, pool has sufficient level or currently being filled.
00:08:19.197 [HikariPool-1 housekeeper] DEBUG com.zaxxer.hikari.pool.HikariPool - HikariPool-1 - Before cleanup stats (total=1, active=0, idle=1, waiting=0)
00:08:19.197 [HikariPool-1 housekeeper] DEBUG com.zaxxer.hikari.pool.HikariPool - HikariPool-1 - After cleanup  stats (total=1, active=0, idle=1, waiting=0)
00:08:19.197 [HikariPool-1 housekeeper] DEBUG com.zaxxer.hikari.pool.HikariPool - HikariPool-1 - Fill pool skipped, pool has sufficient level or currently being filled.
00:08:49.201 [HikariPool-1 housekeeper] DEBUG com.zaxxer.hikari.pool.HikariPool - HikariPool-1 - Before cleanup stats (total=1, active=0, idle=1, waiting=0)
00:08:49.201 [HikariPool-1 housekeeper] DEBUG com.zaxxer.hikari.pool.HikariPool - HikariPool-1 - After cleanup  stats (total=1, active=0, idle=1, waiting=0)
00:08:49.201 [HikariPool-1 housekeeper] DEBUG com.zaxxer.hikari.pool.HikariPool - HikariPool-1 - Fill pool skipped, pool has sufficient level or currently being filled.
00:09:19.210 [HikariPool-1 housekeeper] DEBUG com.zaxxer.hikari.pool.HikariPool - HikariPool-1 - Before cleanup stats (total=1, active=0, idle=1, waiting=0)
00:09:19.210 [HikariPool-1 housekeeper] DEBUG com.zaxxer.hikari.pool.HikariPool - HikariPool-1 - After cleanup  stats (total=1, active=0, idle=1, waiting=0)
00:09:19.210 [HikariPool-1 housekeeper] DEBUG com.zaxxer.hikari.pool.HikariPool - HikariPool-1 - Fill pool skipped, pool has sufficient level or currently being filled.
00:09:49.219 [HikariPool-1 housekeeper] DEBUG com.zaxxer.hikari.pool.HikariPool - HikariPool-1 - Before cleanup stats (total=1, active=0, idle=1, waiting=0)
00:09:49.219 [HikariPool-1 housekeeper] DEBUG com.zaxxer.hikari.pool.HikariPool - HikariPool-1 - After cleanup  stats (total=1, active=0, idle=1, waiting=0)
00:09:49.219 [HikariPool-1 housekeeper] DEBUG com.zaxxer.hikari.pool.HikariPool - HikariPool-1 - Fill pool skipped, pool has sufficient level or currently being filled.
00:10:19.230 [HikariPool-1 housekeeper] DEBUG com.zaxxer.hikari.pool.HikariPool - HikariPool-1 - Before cleanup stats (total=1, active=0, idle=1, waiting=0)
00:10:19.230 [HikariPool-1 housekeeper] DEBUG com.zaxxer.hikari.pool.HikariPool - HikariPool-1 - After cleanup  stats (total=1, active=0, idle=1, waiting=0)
00:10:19.230 [HikariPool-1 housekeeper] DEBUG com.zaxxer.hikari.pool.HikariPool - HikariPool-1 - Fill pool skipped, pool has sufficient level or currently being filled.
00:10:49.233 [HikariPool-1 housekeeper] DEBUG com.zaxxer.hikari.pool.HikariPool - HikariPool-1 - Before cleanup stats (total=1, active=0, idle=1, waiting=0)
00:10:49.233 [HikariPool-1 housekeeper] DEBUG com.zaxxer.hikari.pool.HikariPool - HikariPool-1 - After cleanup  stats (total=1, active=0, idle=1, waiting=0)
00:10:49.234 [HikariPool-1 housekeeper] DEBUG com.zaxxer.hikari.pool.HikariPool - HikariPool-1 - Fill pool skipped, pool has sufficient level or currently being filled.
00:11:19.238 [HikariPool-1 housekeeper] DEBUG com.zaxxer.hikari.pool.HikariPool - HikariPool-1 - Before cleanup stats (total=1, active=0, idle=1, waiting=0)
00:11:19.238 [HikariPool-1 housekeeper] DEBUG com.zaxxer.hikari.pool.HikariPool - HikariPool-1 - After cleanup  stats (total=1, active=0, idle=1, waiting=0)
00:11:19.238 [HikariPool-1 housekeeper] DEBUG com.zaxxer.hikari.pool.HikariPool - HikariPool-1 - Fill pool skipped, pool has sufficient level or currently being filled.
00:11:49.240 [HikariPool-1 housekeeper] DEBUG com.zaxxer.hikari.pool.HikariPool - HikariPool-1 - Before cleanup stats (total=1, active=0, idle=1, waiting=0)
00:11:49.240 [HikariPool-1 housekeeper] DEBUG com.zaxxer.hikari.pool.HikariPool - HikariPool-1 - After cleanup  stats (total=1, active=0, idle=1, waiting=0)
00:11:49.240 [HikariPool-1 housekeeper] DEBUG com.zaxxer.hikari.pool.HikariPool - HikariPool-1 - Fill pool skipped, pool has sufficient level or currently being filled.
00:12:19.254 [HikariPool-1 housekeeper] DEBUG com.zaxxer.hikari.pool.HikariPool - HikariPool-1 - Before cleanup stats (total=1, active=0, idle=1, waiting=0)
00:12:19.254 [HikariPool-1 housekeeper] DEBUG com.zaxxer.hikari.pool.HikariPool - HikariPool-1 - After cleanup  stats (total=1, active=0, idle=1, waiting=0)
00:12:19.254 [HikariPool-1 housekeeper] DEBUG com.zaxxer.hikari.pool.HikariPool - HikariPool-1 - Fill pool skipped, pool has sufficient level or currently being filled.
00:12:49.259 [HikariPool-1 housekeeper] DEBUG com.zaxxer.hikari.pool.HikariPool - HikariPool-1 - Before cleanup stats (total=1, active=0, idle=1, waiting=0)
00:12:49.259 [HikariPool-1 housekeeper] DEBUG com.zaxxer.hikari.pool.HikariPool - HikariPool-1 - After cleanup  stats (total=1, active=0, idle=1, waiting=0)
00:12:49.259 [HikariPool-1 housekeeper] DEBUG com.zaxxer.hikari.pool.HikariPool - HikariPool-1 - Fill pool skipped, pool has sufficient level or currently being filled.
00:13:07.234 [http-nio-8080-exec-9] DEBUG o.s.web.servlet.DispatcherServlet - GET "/api/expense", parameters={}
00:13:07.236 [http-nio-8080-exec-9] DEBUG o.s.w.s.m.m.a.RequestMappingHandlerMapping - Mapped to com.example.expenses.controller.ExpenseController#findAll()
00:13:07.237 [http-nio-8080-exec-9] DEBUG o.s.j.support.JdbcTransactionManager - Creating new transaction with name [org.springframework.data.jdbc.repository.support.SimpleJdbcRepository.findAll]: PROPAGATION_REQUIRED,ISOLATION_DEFAULT,readOnly
00:13:07.251 [http-nio-8080-exec-9] DEBUG o.s.j.support.JdbcTransactionManager - Acquired Connection [HikariProxyConnection@1866989997 wrapping org.postgresql.jdbc.PgConnection@2529abbb] for JDBC transaction
00:13:07.251 [http-nio-8080-exec-9] DEBUG o.s.jdbc.datasource.DataSourceUtils - Setting JDBC Connection [HikariProxyConnection@1866989997 wrapping org.postgresql.jdbc.PgConnection@2529abbb] read-only
00:13:07.251 [http-nio-8080-exec-9] DEBUG o.s.j.support.JdbcTransactionManager - Switching JDBC Connection [HikariProxyConnection@1866989997 wrapping org.postgresql.jdbc.PgConnection@2529abbb] to manual commit
00:13:07.251 [http-nio-8080-exec-9] DEBUG o.s.jdbc.core.JdbcTemplate - Executing prepared SQL query
00:13:07.252 [http-nio-8080-exec-9] DEBUG o.s.jdbc.core.JdbcTemplate - Executing prepared SQL statement [SELECT "expenses"."id" AS "id", "expenses"."status" AS "status", "expenses"."balance" AS "balance", "expenses"."category" AS "category", "expenses"."created_at" AS "created_at", "expenses"."description" AS "description" FROM "expenses"]
00:13:07.269 [http-nio-8080-exec-9] DEBUG o.s.j.support.JdbcTransactionManager - Initiating transaction commit
00:13:07.270 [http-nio-8080-exec-9] DEBUG o.s.j.support.JdbcTransactionManager - Committing JDBC transaction on Connection [HikariProxyConnection@1866989997 wrapping org.postgresql.jdbc.PgConnection@2529abbb]
00:13:07.271 [http-nio-8080-exec-9] DEBUG o.s.jdbc.datasource.DataSourceUtils - Resetting read-only flag of JDBC Connection [HikariProxyConnection@1866989997 wrapping org.postgresql.jdbc.PgConnection@2529abbb]
00:13:07.271 [http-nio-8080-exec-9] DEBUG o.s.j.support.JdbcTransactionManager - Releasing JDBC Connection [HikariProxyConnection@1866989997 wrapping org.postgresql.jdbc.PgConnection@2529abbb] after transaction
00:13:07.272 [http-nio-8080-exec-9] DEBUG o.s.w.s.m.m.a.RequestResponseBodyMethodProcessor - Using 'application/json', given [*/*] and supported [application/json, application/*+json]
00:13:07.272 [http-nio-8080-exec-9] DEBUG o.s.w.s.m.m.a.RequestResponseBodyMethodProcessor - Writing [[ExpenseDto(id=d2248143-ef21-4bd8-83a8-05c0daf94386, createdAt=2025-03-25T22:28:43.228342, category= (truncated)...]
00:13:07.273 [http-nio-8080-exec-9] DEBUG o.s.web.servlet.DispatcherServlet - Completed 200 OK
00:13:07.278 [http-nio-8080-exec-10] DEBUG o.s.web.servlet.DispatcherServlet - GET "/api/expense", parameters={}
00:13:07.278 [http-nio-8080-exec-10] DEBUG o.s.w.s.m.m.a.RequestMappingHandlerMapping - Mapped to com.example.expenses.controller.ExpenseController#findAll()
00:13:07.278 [http-nio-8080-exec-10] DEBUG o.s.j.support.JdbcTransactionManager - Creating new transaction with name [org.springframework.data.jdbc.repository.support.SimpleJdbcRepository.findAll]: PROPAGATION_REQUIRED,ISOLATION_DEFAULT,readOnly
00:13:07.278 [http-nio-8080-exec-10] DEBUG o.s.j.support.JdbcTransactionManager - Acquired Connection [HikariProxyConnection@1956288724 wrapping org.postgresql.jdbc.PgConnection@2529abbb] for JDBC transaction
00:13:07.279 [http-nio-8080-exec-10] DEBUG o.s.jdbc.datasource.DataSourceUtils - Setting JDBC Connection [HikariProxyConnection@1956288724 wrapping org.postgresql.jdbc.PgConnection@2529abbb] read-only
00:13:07.279 [http-nio-8080-exec-10] DEBUG o.s.j.support.JdbcTransactionManager - Switching JDBC Connection [HikariProxyConnection@1956288724 wrapping org.postgresql.jdbc.PgConnection@2529abbb] to manual commit
00:13:07.279 [http-nio-8080-exec-10] DEBUG o.s.jdbc.core.JdbcTemplate - Executing prepared SQL query
00:13:07.279 [http-nio-8080-exec-10] DEBUG o.s.jdbc.core.JdbcTemplate - Executing prepared SQL statement [SELECT "expenses"."id" AS "id", "expenses"."status" AS "status", "expenses"."balance" AS "balance", "expenses"."category" AS "category", "expenses"."created_at" AS "created_at", "expenses"."description" AS "description" FROM "expenses"]
00:13:07.283 [http-nio-8080-exec-10] DEBUG o.s.j.support.JdbcTransactionManager - Initiating transaction commit
00:13:07.283 [http-nio-8080-exec-10] DEBUG o.s.j.support.JdbcTransactionManager - Committing JDBC transaction on Connection [HikariProxyConnection@1956288724 wrapping org.postgresql.jdbc.PgConnection@2529abbb]
00:13:07.284 [http-nio-8080-exec-10] DEBUG o.s.jdbc.datasource.DataSourceUtils - Resetting read-only flag of JDBC Connection [HikariProxyConnection@1956288724 wrapping org.postgresql.jdbc.PgConnection@2529abbb]
00:13:07.284 [http-nio-8080-exec-10] DEBUG o.s.j.support.JdbcTransactionManager - Releasing JDBC Connection [HikariProxyConnection@1956288724 wrapping org.postgresql.jdbc.PgConnection@2529abbb] after transaction
00:13:07.285 [http-nio-8080-exec-10] DEBUG o.s.w.s.m.m.a.RequestResponseBodyMethodProcessor - Using 'application/json', given [*/*] and supported [application/json, application/*+json]
00:13:07.285 [http-nio-8080-exec-10] DEBUG o.s.w.s.m.m.a.RequestResponseBodyMethodProcessor - Writing [[ExpenseDto(id=d2248143-ef21-4bd8-83a8-05c0daf94386, createdAt=2025-03-25T22:28:43.228342, category= (truncated)...]
00:13:07.286 [http-nio-8080-exec-10] DEBUG o.s.web.servlet.DispatcherServlet - Completed 200 OK
00:13:07.432 [http-nio-8080-exec-2] DEBUG o.s.web.servlet.DispatcherServlet - GET "/api/view/total", parameters={}
00:13:07.432 [http-nio-8080-exec-2] DEBUG o.s.w.s.m.m.a.RequestMappingHandlerMapping - Mapped to com.example.expenses.controller.ViewController#getTotal()
00:13:07.432 [http-nio-8080-exec-2] DEBUG o.s.j.support.JdbcTransactionManager - Creating new transaction with name [org.springframework.data.jdbc.repository.support.SimpleJdbcRepository.findAll]: PROPAGATION_REQUIRED,ISOLATION_DEFAULT,readOnly
00:13:07.432 [http-nio-8080-exec-2] DEBUG o.s.j.support.JdbcTransactionManager - Acquired Connection [HikariProxyConnection@213837086 wrapping org.postgresql.jdbc.PgConnection@2529abbb] for JDBC transaction
00:13:07.432 [http-nio-8080-exec-2] DEBUG o.s.jdbc.datasource.DataSourceUtils - Setting JDBC Connection [HikariProxyConnection@213837086 wrapping org.postgresql.jdbc.PgConnection@2529abbb] read-only
00:13:07.432 [http-nio-8080-exec-2] DEBUG o.s.j.support.JdbcTransactionManager - Switching JDBC Connection [HikariProxyConnection@213837086 wrapping org.postgresql.jdbc.PgConnection@2529abbb] to manual commit
00:13:07.432 [http-nio-8080-exec-2] DEBUG o.s.jdbc.core.JdbcTemplate - Executing prepared SQL query
00:13:07.432 [http-nio-8080-exec-2] DEBUG o.s.jdbc.core.JdbcTemplate - Executing prepared SQL statement [SELECT "expenses"."id" AS "id", "expenses"."status" AS "status", "expenses"."balance" AS "balance", "expenses"."category" AS "category", "expenses"."created_at" AS "created_at", "expenses"."description" AS "description" FROM "expenses"]
00:13:07.437 [http-nio-8080-exec-2] DEBUG o.s.j.support.JdbcTransactionManager - Initiating transaction commit
00:13:07.437 [http-nio-8080-exec-2] DEBUG o.s.j.support.JdbcTransactionManager - Committing JDBC transaction on Connection [HikariProxyConnection@213837086 wrapping org.postgresql.jdbc.PgConnection@2529abbb]
00:13:07.437 [http-nio-8080-exec-2] DEBUG o.s.jdbc.datasource.DataSourceUtils - Resetting read-only flag of JDBC Connection [HikariProxyConnection@213837086 wrapping org.postgresql.jdbc.PgConnection@2529abbb]
00:13:07.437 [http-nio-8080-exec-2] DEBUG o.s.j.support.JdbcTransactionManager - Releasing JDBC Connection [HikariProxyConnection@213837086 wrapping org.postgresql.jdbc.PgConnection@2529abbb] after transaction
00:13:07.439 [http-nio-8080-exec-2] DEBUG o.s.w.s.m.m.a.RequestResponseBodyMethodProcessor - Using 'application/json', given [*/*] and supported [application/json, application/*+json]
00:13:07.439 [http-nio-8080-exec-2] DEBUG o.s.w.s.m.m.a.RequestResponseBodyMethodProcessor - Writing [TotalDto(income=303691, outcome=50072.49, balance=253618.51, totalByCategory={Water=24200, Auto=-135 (truncated)...]
00:13:07.440 [http-nio-8080-exec-2] DEBUG o.s.web.servlet.DispatcherServlet - Completed 200 OK
00:13:07.521 [http-nio-8080-exec-3] DEBUG o.s.web.servlet.DispatcherServlet - GET "/api/view/total", parameters={}
00:13:07.522 [http-nio-8080-exec-3] DEBUG o.s.w.s.m.m.a.RequestMappingHandlerMapping - Mapped to com.example.expenses.controller.ViewController#getTotal()
00:13:07.522 [http-nio-8080-exec-3] DEBUG o.s.j.support.JdbcTransactionManager - Creating new transaction with name [org.springframework.data.jdbc.repository.support.SimpleJdbcRepository.findAll]: PROPAGATION_REQUIRED,ISOLATION_DEFAULT,readOnly
00:13:07.522 [http-nio-8080-exec-3] DEBUG o.s.j.support.JdbcTransactionManager - Acquired Connection [HikariProxyConnection@1404116839 wrapping org.postgresql.jdbc.PgConnection@2529abbb] for JDBC transaction
00:13:07.522 [http-nio-8080-exec-3] DEBUG o.s.jdbc.datasource.DataSourceUtils - Setting JDBC Connection [HikariProxyConnection@1404116839 wrapping org.postgresql.jdbc.PgConnection@2529abbb] read-only
00:13:07.522 [http-nio-8080-exec-3] DEBUG o.s.j.support.JdbcTransactionManager - Switching JDBC Connection [HikariProxyConnection@1404116839 wrapping org.postgresql.jdbc.PgConnection@2529abbb] to manual commit
00:13:07.523 [http-nio-8080-exec-3] DEBUG o.s.jdbc.core.JdbcTemplate - Executing prepared SQL query
00:13:07.523 [http-nio-8080-exec-3] DEBUG o.s.jdbc.core.JdbcTemplate - Executing prepared SQL statement [SELECT "expenses"."id" AS "id", "expenses"."status" AS "status", "expenses"."balance" AS "balance", "expenses"."category" AS "category", "expenses"."created_at" AS "created_at", "expenses"."description" AS "description" FROM "expenses"]
00:13:07.527 [http-nio-8080-exec-3] DEBUG o.s.j.support.JdbcTransactionManager - Initiating transaction commit
00:13:07.527 [http-nio-8080-exec-3] DEBUG o.s.j.support.JdbcTransactionManager - Committing JDBC transaction on Connection [HikariProxyConnection@1404116839 wrapping org.postgresql.jdbc.PgConnection@2529abbb]
00:13:07.527 [http-nio-8080-exec-3] DEBUG o.s.jdbc.datasource.DataSourceUtils - Resetting read-only flag of JDBC Connection [HikariProxyConnection@1404116839 wrapping org.postgresql.jdbc.PgConnection@2529abbb]
00:13:07.527 [http-nio-8080-exec-3] DEBUG o.s.j.support.JdbcTransactionManager - Releasing JDBC Connection [HikariProxyConnection@1404116839 wrapping org.postgresql.jdbc.PgConnection@2529abbb] after transaction
00:13:07.528 [http-nio-8080-exec-3] DEBUG o.s.w.s.m.m.a.RequestResponseBodyMethodProcessor - Using 'application/json', given [*/*] and supported [application/json, application/*+json]
00:13:07.528 [http-nio-8080-exec-3] DEBUG o.s.w.s.m.m.a.RequestResponseBodyMethodProcessor - Writing [TotalDto(income=303691, outcome=50072.49, balance=253618.51, totalByCategory={Water=24200, Auto=-135 (truncated)...]
00:13:07.528 [http-nio-8080-exec-3] DEBUG o.s.web.servlet.DispatcherServlet - Completed 200 OK
00:13:19.263 [HikariPool-1 housekeeper] DEBUG com.zaxxer.hikari.pool.HikariPool - HikariPool-1 - Before cleanup stats (total=1, active=0, idle=1, waiting=0)
00:13:19.264 [HikariPool-1 housekeeper] DEBUG com.zaxxer.hikari.pool.HikariPool - HikariPool-1 - After cleanup  stats (total=1, active=0, idle=1, waiting=0)
00:13:19.264 [HikariPool-1 housekeeper] DEBUG com.zaxxer.hikari.pool.HikariPool - HikariPool-1 - Fill pool skipped, pool has sufficient level or currently being filled.
00:13:49.274 [HikariPool-1 housekeeper] DEBUG com.zaxxer.hikari.pool.HikariPool - HikariPool-1 - Before cleanup stats (total=1, active=0, idle=1, waiting=0)
00:13:49.275 [HikariPool-1 housekeeper] DEBUG com.zaxxer.hikari.pool.HikariPool - HikariPool-1 - After cleanup  stats (total=1, active=0, idle=1, waiting=0)
00:13:49.275 [HikariPool-1 housekeeper] DEBUG com.zaxxer.hikari.pool.HikariPool - HikariPool-1 - Fill pool skipped, pool has sufficient level or currently being filled.
00:14:19.284 [HikariPool-1 housekeeper] DEBUG com.zaxxer.hikari.pool.HikariPool - HikariPool-1 - Before cleanup stats (total=1, active=0, idle=1, waiting=0)
00:14:19.284 [HikariPool-1 housekeeper] DEBUG com.zaxxer.hikari.pool.HikariPool - HikariPool-1 - After cleanup  stats (total=1, active=0, idle=1, waiting=0)
00:14:19.284 [HikariPool-1 housekeeper] DEBUG com.zaxxer.hikari.pool.HikariPool - HikariPool-1 - Fill pool skipped, pool has sufficient level or currently being filled.
00:14:49.287 [HikariPool-1 housekeeper] DEBUG com.zaxxer.hikari.pool.HikariPool - HikariPool-1 - Before cleanup stats (total=1, active=0, idle=1, waiting=0)
00:14:49.287 [HikariPool-1 housekeeper] DEBUG com.zaxxer.hikari.pool.HikariPool - HikariPool-1 - After cleanup  stats (total=1, active=0, idle=1, waiting=0)
00:14:49.287 [HikariPool-1 housekeeper] DEBUG com.zaxxer.hikari.pool.HikariPool - HikariPool-1 - Fill pool skipped, pool has sufficient level or currently being filled.
00:15:19.299 [HikariPool-1 housekeeper] DEBUG com.zaxxer.hikari.pool.HikariPool - HikariPool-1 - Before cleanup stats (total=1, active=0, idle=1, waiting=0)
00:15:19.300 [HikariPool-1 housekeeper] DEBUG com.zaxxer.hikari.pool.HikariPool - HikariPool-1 - After cleanup  stats (total=1, active=0, idle=1, waiting=0)
00:15:19.300 [HikariPool-1 housekeeper] DEBUG com.zaxxer.hikari.pool.HikariPool - HikariPool-1 - Fill pool skipped, pool has sufficient level or currently being filled.
00:15:49.304 [HikariPool-1 housekeeper] DEBUG com.zaxxer.hikari.pool.HikariPool - HikariPool-1 - Before cleanup stats (total=1, active=0, idle=1, waiting=0)
00:15:49.304 [HikariPool-1 housekeeper] DEBUG com.zaxxer.hikari.pool.HikariPool - HikariPool-1 - After cleanup  stats (total=1, active=0, idle=1, waiting=0)
00:15:49.304 [HikariPool-1 housekeeper] DEBUG com.zaxxer.hikari.pool.HikariPool - HikariPool-1 - Fill pool skipped, pool has sufficient level or currently being filled.
00:16:19.318 [HikariPool-1 housekeeper] DEBUG com.zaxxer.hikari.pool.HikariPool - HikariPool-1 - Before cleanup stats (total=1, active=0, idle=1, waiting=0)
00:16:19.318 [HikariPool-1 housekeeper] DEBUG com.zaxxer.hikari.pool.HikariPool - HikariPool-1 - After cleanup  stats (total=1, active=0, idle=1, waiting=0)
00:16:19.318 [HikariPool-1 housekeeper] DEBUG com.zaxxer.hikari.pool.HikariPool - HikariPool-1 - Fill pool skipped, pool has sufficient level or currently being filled.
00:16:49.328 [HikariPool-1 housekeeper] DEBUG com.zaxxer.hikari.pool.HikariPool - HikariPool-1 - Before cleanup stats (total=1, active=0, idle=1, waiting=0)
00:16:49.328 [HikariPool-1 housekeeper] DEBUG com.zaxxer.hikari.pool.HikariPool - HikariPool-1 - After cleanup  stats (total=1, active=0, idle=1, waiting=0)
00:16:49.328 [HikariPool-1 housekeeper] DEBUG com.zaxxer.hikari.pool.HikariPool - HikariPool-1 - Fill pool skipped, pool has sufficient level or currently being filled.
00:17:19.331 [HikariPool-1 housekeeper] DEBUG com.zaxxer.hikari.pool.HikariPool - HikariPool-1 - Before cleanup stats (total=1, active=0, idle=1, waiting=0)
00:17:19.331 [HikariPool-1 housekeeper] DEBUG com.zaxxer.hikari.pool.HikariPool - HikariPool-1 - After cleanup  stats (total=1, active=0, idle=1, waiting=0)
00:17:19.331 [HikariPool-1 housekeeper] DEBUG com.zaxxer.hikari.pool.HikariPool - HikariPool-1 - Fill pool skipped, pool has sufficient level or currently being filled.
00:17:49.338 [HikariPool-1 housekeeper] DEBUG com.zaxxer.hikari.pool.HikariPool - HikariPool-1 - Before cleanup stats (total=1, active=0, idle=1, waiting=0)
00:17:49.338 [HikariPool-1 housekeeper] DEBUG com.zaxxer.hikari.pool.HikariPool - HikariPool-1 - After cleanup  stats (total=1, active=0, idle=1, waiting=0)
00:17:49.339 [HikariPool-1 housekeeper] DEBUG com.zaxxer.hikari.pool.HikariPool - HikariPool-1 - Fill pool skipped, pool has sufficient level or currently being filled.
10:04:22.986 [HikariPool-1 housekeeper] WARN  com.zaxxer.hikari.pool.HikariPool - HikariPool-1 - Thread starvation or clock leap detected (housekeeper delta=9h46m43s650ms462µs101ns).
10:04:22.986 [HikariPool-1 housekeeper] DEBUG com.zaxxer.hikari.pool.HikariPool - HikariPool-1 - Before cleanup stats (total=1, active=0, idle=1, waiting=0)
10:04:22.986 [HikariPool-1 housekeeper] DEBUG com.zaxxer.hikari.pool.HikariPool - HikariPool-1 - After cleanup  stats (total=1, active=0, idle=1, waiting=0)
10:04:22.986 [HikariPool-1 housekeeper] DEBUG com.zaxxer.hikari.pool.HikariPool - HikariPool-1 - Fill pool skipped, pool has sufficient level or currently being filled.
10:04:22.988 [HikariPool-1 connection closer] DEBUG com.zaxxer.hikari.pool.PoolBase - HikariPool-1 - Closing connection org.postgresql.jdbc.PgConnection@2529abbb: (connection has passed maxLifetime)
10:04:23.077 [HikariPool-1 connection adder] DEBUG com.zaxxer.hikari.pool.HikariPool - HikariPool-1 - Added connection org.postgresql.jdbc.PgConnection@183ccf01
10:04:23.121 [HikariPool-1 connection adder] DEBUG com.zaxxer.hikari.pool.HikariPool - HikariPool-1 - Connection not added, stats (total=1, active=0, idle=1, waiting=0)
10:04:53.000 [HikariPool-1 housekeeper] DEBUG com.zaxxer.hikari.pool.HikariPool - HikariPool-1 - Before cleanup stats (total=1, active=0, idle=1, waiting=0)
10:04:53.000 [HikariPool-1 housekeeper] DEBUG com.zaxxer.hikari.pool.HikariPool - HikariPool-1 - After cleanup  stats (total=1, active=0, idle=1, waiting=0)
10:04:53.000 [HikariPool-1 housekeeper] DEBUG com.zaxxer.hikari.pool.HikariPool - HikariPool-1 - Fill pool skipped, pool has sufficient level or currently being filled.
10:05:23.011 [HikariPool-1 housekeeper] DEBUG com.zaxxer.hikari.pool.HikariPool - HikariPool-1 - Before cleanup stats (total=1, active=0, idle=1, waiting=0)
10:05:23.011 [HikariPool-1 housekeeper] DEBUG com.zaxxer.hikari.pool.HikariPool - HikariPool-1 - After cleanup  stats (total=1, active=0, idle=1, waiting=0)
10:05:23.011 [HikariPool-1 housekeeper] DEBUG com.zaxxer.hikari.pool.HikariPool - HikariPool-1 - Fill pool skipped, pool has sufficient level or currently being filled.
10:05:53.012 [HikariPool-1 housekeeper] DEBUG com.zaxxer.hikari.pool.HikariPool - HikariPool-1 - Before cleanup stats (total=1, active=0, idle=1, waiting=0)
10:05:53.013 [HikariPool-1 housekeeper] DEBUG com.zaxxer.hikari.pool.HikariPool - HikariPool-1 - After cleanup  stats (total=1, active=0, idle=1, waiting=0)
10:05:53.013 [HikariPool-1 housekeeper] DEBUG com.zaxxer.hikari.pool.HikariPool - HikariPool-1 - Fill pool skipped, pool has sufficient level or currently being filled.
10:06:23.021 [HikariPool-1 housekeeper] DEBUG com.zaxxer.hikari.pool.HikariPool - HikariPool-1 - Before cleanup stats (total=1, active=0, idle=1, waiting=0)
10:06:23.021 [HikariPool-1 housekeeper] DEBUG com.zaxxer.hikari.pool.HikariPool - HikariPool-1 - After cleanup  stats (total=1, active=0, idle=1, waiting=0)
10:06:23.021 [HikariPool-1 housekeeper] DEBUG com.zaxxer.hikari.pool.HikariPool - HikariPool-1 - Fill pool skipped, pool has sufficient level or currently being filled.
10:06:53.036 [HikariPool-1 housekeeper] DEBUG com.zaxxer.hikari.pool.HikariPool - HikariPool-1 - Before cleanup stats (total=1, active=0, idle=1, waiting=0)
10:06:53.036 [HikariPool-1 housekeeper] DEBUG com.zaxxer.hikari.pool.HikariPool - HikariPool-1 - After cleanup  stats (total=1, active=0, idle=1, waiting=0)
10:06:53.036 [HikariPool-1 housekeeper] DEBUG com.zaxxer.hikari.pool.HikariPool - HikariPool-1 - Fill pool skipped, pool has sufficient level or currently being filled.
10:07:23.039 [HikariPool-1 housekeeper] DEBUG com.zaxxer.hikari.pool.HikariPool - HikariPool-1 - Before cleanup stats (total=1, active=0, idle=1, waiting=0)
10:07:23.039 [HikariPool-1 housekeeper] DEBUG com.zaxxer.hikari.pool.HikariPool - HikariPool-1 - After cleanup  stats (total=1, active=0, idle=1, waiting=0)
10:07:23.039 [HikariPool-1 housekeeper] DEBUG com.zaxxer.hikari.pool.HikariPool - HikariPool-1 - Fill pool skipped, pool has sufficient level or currently being filled.
10:07:53.064 [HikariPool-1 housekeeper] DEBUG com.zaxxer.hikari.pool.HikariPool - HikariPool-1 - Before cleanup stats (total=1, active=0, idle=1, waiting=0)
10:07:53.064 [HikariPool-1 housekeeper] DEBUG com.zaxxer.hikari.pool.HikariPool - HikariPool-1 - After cleanup  stats (total=1, active=0, idle=1, waiting=0)
10:07:53.064 [HikariPool-1 housekeeper] DEBUG com.zaxxer.hikari.pool.HikariPool - HikariPool-1 - Fill pool skipped, pool has sufficient level or currently being filled.
10:08:23.066 [HikariPool-1 housekeeper] DEBUG com.zaxxer.hikari.pool.HikariPool - HikariPool-1 - Before cleanup stats (total=1, active=0, idle=1, waiting=0)
10:08:23.066 [HikariPool-1 housekeeper] DEBUG com.zaxxer.hikari.pool.HikariPool - HikariPool-1 - After cleanup  stats (total=1, active=0, idle=1, waiting=0)
10:08:23.066 [HikariPool-1 housekeeper] DEBUG com.zaxxer.hikari.pool.HikariPool - HikariPool-1 - Fill pool skipped, pool has sufficient level or currently being filled.
10:08:53.069 [HikariPool-1 housekeeper] DEBUG com.zaxxer.hikari.pool.HikariPool - HikariPool-1 - Before cleanup stats (total=1, active=0, idle=1, waiting=0)
10:08:53.069 [HikariPool-1 housekeeper] DEBUG com.zaxxer.hikari.pool.HikariPool - HikariPool-1 - After cleanup  stats (total=1, active=0, idle=1, waiting=0)
10:08:53.069 [HikariPool-1 housekeeper] DEBUG com.zaxxer.hikari.pool.HikariPool - HikariPool-1 - Fill pool skipped, pool has sufficient level or currently being filled.
10:09:23.078 [HikariPool-1 housekeeper] DEBUG com.zaxxer.hikari.pool.HikariPool - HikariPool-1 - Before cleanup stats (total=1, active=0, idle=1, waiting=0)
10:09:23.078 [HikariPool-1 housekeeper] DEBUG com.zaxxer.hikari.pool.HikariPool - HikariPool-1 - After cleanup  stats (total=1, active=0, idle=1, waiting=0)
10:09:23.078 [HikariPool-1 housekeeper] DEBUG com.zaxxer.hikari.pool.HikariPool - HikariPool-1 - Fill pool skipped, pool has sufficient level or currently being filled.
10:09:53.084 [HikariPool-1 housekeeper] DEBUG com.zaxxer.hikari.pool.HikariPool - HikariPool-1 - Before cleanup stats (total=1, active=0, idle=1, waiting=0)
10:09:53.084 [HikariPool-1 housekeeper] DEBUG com.zaxxer.hikari.pool.HikariPool - HikariPool-1 - After cleanup  stats (total=1, active=0, idle=1, waiting=0)
10:09:53.084 [HikariPool-1 housekeeper] DEBUG com.zaxxer.hikari.pool.HikariPool - HikariPool-1 - Fill pool skipped, pool has sufficient level or currently being filled.
10:10:23.093 [HikariPool-1 housekeeper] DEBUG com.zaxxer.hikari.pool.HikariPool - HikariPool-1 - Before cleanup stats (total=1, active=0, idle=1, waiting=0)
10:10:23.093 [HikariPool-1 housekeeper] DEBUG com.zaxxer.hikari.pool.HikariPool - HikariPool-1 - After cleanup  stats (total=1, active=0, idle=1, waiting=0)
10:10:23.093 [HikariPool-1 housekeeper] DEBUG com.zaxxer.hikari.pool.HikariPool - HikariPool-1 - Fill pool skipped, pool has sufficient level or currently being filled.
10:10:53.095 [HikariPool-1 housekeeper] DEBUG com.zaxxer.hikari.pool.HikariPool - HikariPool-1 - Before cleanup stats (total=1, active=0, idle=1, waiting=0)
10:10:53.095 [HikariPool-1 housekeeper] DEBUG com.zaxxer.hikari.pool.HikariPool - HikariPool-1 - After cleanup  stats (total=1, active=0, idle=1, waiting=0)
10:10:53.095 [HikariPool-1 housekeeper] DEBUG com.zaxxer.hikari.pool.HikariPool - HikariPool-1 - Fill pool skipped, pool has sufficient level or currently being filled.
10:11:23.109 [HikariPool-1 housekeeper] DEBUG com.zaxxer.hikari.pool.HikariPool - HikariPool-1 - Before cleanup stats (total=1, active=0, idle=1, waiting=0)
10:11:23.109 [HikariPool-1 housekeeper] DEBUG com.zaxxer.hikari.pool.HikariPool - HikariPool-1 - After cleanup  stats (total=1, active=0, idle=1, waiting=0)
10:11:23.109 [HikariPool-1 housekeeper] DEBUG com.zaxxer.hikari.pool.HikariPool - HikariPool-1 - Fill pool skipped, pool has sufficient level or currently being filled.
10:11:53.119 [HikariPool-1 housekeeper] DEBUG com.zaxxer.hikari.pool.HikariPool - HikariPool-1 - Before cleanup stats (total=1, active=0, idle=1, waiting=0)
10:11:53.119 [HikariPool-1 housekeeper] DEBUG com.zaxxer.hikari.pool.HikariPool - HikariPool-1 - After cleanup  stats (total=1, active=0, idle=1, waiting=0)
10:11:53.119 [HikariPool-1 housekeeper] DEBUG com.zaxxer.hikari.pool.HikariPool - HikariPool-1 - Fill pool skipped, pool has sufficient level or currently being filled.
10:12:23.122 [HikariPool-1 housekeeper] DEBUG com.zaxxer.hikari.pool.HikariPool - HikariPool-1 - Before cleanup stats (total=1, active=0, idle=1, waiting=0)
10:12:23.122 [HikariPool-1 housekeeper] DEBUG com.zaxxer.hikari.pool.HikariPool - HikariPool-1 - After cleanup  stats (total=1, active=0, idle=1, waiting=0)
10:12:23.122 [HikariPool-1 housekeeper] DEBUG com.zaxxer.hikari.pool.HikariPool - HikariPool-1 - Fill pool skipped, pool has sufficient level or currently being filled.
10:12:53.137 [HikariPool-1 housekeeper] DEBUG com.zaxxer.hikari.pool.HikariPool - HikariPool-1 - Before cleanup stats (total=1, active=0, idle=1, waiting=0)
10:12:53.137 [HikariPool-1 housekeeper] DEBUG com.zaxxer.hikari.pool.HikariPool - HikariPool-1 - After cleanup  stats (total=1, active=0, idle=1, waiting=0)
10:12:53.137 [HikariPool-1 housekeeper] DEBUG com.zaxxer.hikari.pool.HikariPool - HikariPool-1 - Fill pool skipped, pool has sufficient level or currently being filled.
23:43:50.807 [HikariPool-1 housekeeper] WARN  com.zaxxer.hikari.pool.HikariPool - HikariPool-1 - Thread starvation or clock leap detected (housekeeper delta=2h45m42s875ms277µs400ns).
23:43:50.807 [HikariPool-1 housekeeper] DEBUG com.zaxxer.hikari.pool.HikariPool - HikariPool-1 - Before cleanup stats (total=1, active=0, idle=1, waiting=0)
23:43:50.808 [HikariPool-1 housekeeper] DEBUG com.zaxxer.hikari.pool.HikariPool - HikariPool-1 - After cleanup  stats (total=1, active=0, idle=1, waiting=0)
23:43:50.808 [HikariPool-1 housekeeper] DEBUG com.zaxxer.hikari.pool.HikariPool - HikariPool-1 - Fill pool skipped, pool has sufficient level or currently being filled.
23:43:50.809 [HikariPool-1 connection closer] DEBUG com.zaxxer.hikari.pool.PoolBase - HikariPool-1 - Closing connection org.postgresql.jdbc.PgConnection@30b955d4: (connection has passed maxLifetime)
23:43:50.940 [HikariPool-1 connection adder] DEBUG com.zaxxer.hikari.pool.HikariPool - HikariPool-1 - Added connection org.postgresql.jdbc.PgConnection@afb44de
23:43:50.987 [HikariPool-1 connection adder] DEBUG com.zaxxer.hikari.pool.HikariPool - HikariPool-1 - Connection not added, stats (total=1, active=0, idle=1, waiting=0)
23:44:20.868 [HikariPool-1 housekeeper] DEBUG com.zaxxer.hikari.pool.HikariPool - HikariPool-1 - Before cleanup stats (total=1, active=0, idle=1, waiting=0)
23:44:20.876 [HikariPool-1 housekeeper] DEBUG com.zaxxer.hikari.pool.HikariPool - HikariPool-1 - After cleanup  stats (total=1, active=0, idle=1, waiting=0)
23:44:20.876 [HikariPool-1 housekeeper] DEBUG com.zaxxer.hikari.pool.HikariPool - HikariPool-1 - Fill pool skipped, pool has sufficient level or currently being filled.
23:44:50.885 [HikariPool-1 housekeeper] DEBUG com.zaxxer.hikari.pool.HikariPool - HikariPool-1 - Before cleanup stats (total=1, active=0, idle=1, waiting=0)
23:44:50.885 [HikariPool-1 housekeeper] DEBUG com.zaxxer.hikari.pool.HikariPool - HikariPool-1 - After cleanup  stats (total=1, active=0, idle=1, waiting=0)
23:44:50.885 [HikariPool-1 housekeeper] DEBUG com.zaxxer.hikari.pool.HikariPool - HikariPool-1 - Fill pool skipped, pool has sufficient level or currently being filled.
23:45:20.887 [HikariPool-1 housekeeper] DEBUG com.zaxxer.hikari.pool.HikariPool - HikariPool-1 - Before cleanup stats (total=1, active=0, idle=1, waiting=0)
23:45:20.887 [HikariPool-1 housekeeper] DEBUG com.zaxxer.hikari.pool.HikariPool - HikariPool-1 - After cleanup  stats (total=1, active=0, idle=1, waiting=0)
23:45:20.887 [HikariPool-1 housekeeper] DEBUG com.zaxxer.hikari.pool.HikariPool - HikariPool-1 - Fill pool skipped, pool has sufficient level or currently being filled.
23:45:50.887 [HikariPool-1 housekeeper] DEBUG com.zaxxer.hikari.pool.HikariPool - HikariPool-1 - Before cleanup stats (total=1, active=0, idle=1, waiting=0)
23:45:50.887 [HikariPool-1 housekeeper] DEBUG com.zaxxer.hikari.pool.HikariPool - HikariPool-1 - After cleanup  stats (total=1, active=0, idle=1, waiting=0)
23:45:50.887 [HikariPool-1 housekeeper] DEBUG com.zaxxer.hikari.pool.HikariPool - HikariPool-1 - Fill pool skipped, pool has sufficient level or currently being filled.
23:46:20.889 [HikariPool-1 housekeeper] DEBUG com.zaxxer.hikari.pool.HikariPool - HikariPool-1 - Before cleanup stats (total=1, active=0, idle=1, waiting=0)
23:46:20.890 [HikariPool-1 housekeeper] DEBUG com.zaxxer.hikari.pool.HikariPool - HikariPool-1 - After cleanup  stats (total=1, active=0, idle=1, waiting=0)
23:46:20.890 [HikariPool-1 housekeeper] DEBUG com.zaxxer.hikari.pool.HikariPool - HikariPool-1 - Fill pool skipped, pool has sufficient level or currently being filled.
23:46:50.906 [HikariPool-1 housekeeper] DEBUG com.zaxxer.hikari.pool.HikariPool - HikariPool-1 - Before cleanup stats (total=1, active=0, idle=1, waiting=0)
23:46:50.906 [HikariPool-1 housekeeper] DEBUG com.zaxxer.hikari.pool.HikariPool - HikariPool-1 - After cleanup  stats (total=1, active=0, idle=1, waiting=0)
23:46:50.906 [HikariPool-1 housekeeper] DEBUG com.zaxxer.hikari.pool.HikariPool - HikariPool-1 - Fill pool skipped, pool has sufficient level or currently being filled.
23:47:20.920 [HikariPool-1 housekeeper] DEBUG com.zaxxer.hikari.pool.HikariPool - HikariPool-1 - Before cleanup stats (total=1, active=0, idle=1, waiting=0)
23:47:20.921 [HikariPool-1 housekeeper] DEBUG com.zaxxer.hikari.pool.HikariPool - HikariPool-1 - After cleanup  stats (total=1, active=0, idle=1, waiting=0)
23:47:20.921 [HikariPool-1 housekeeper] DEBUG com.zaxxer.hikari.pool.HikariPool - HikariPool-1 - Fill pool skipped, pool has sufficient level or currently being filled.
23:47:50.930 [HikariPool-1 housekeeper] DEBUG com.zaxxer.hikari.pool.HikariPool - HikariPool-1 - Before cleanup stats (total=1, active=0, idle=1, waiting=0)
23:47:50.930 [HikariPool-1 housekeeper] DEBUG com.zaxxer.hikari.pool.HikariPool - HikariPool-1 - After cleanup  stats (total=1, active=0, idle=1, waiting=0)
23:47:50.930 [HikariPool-1 housekeeper] DEBUG com.zaxxer.hikari.pool.HikariPool - HikariPool-1 - Fill pool skipped, pool has sufficient level or currently being filled.
23:48:20.931 [HikariPool-1 housekeeper] DEBUG com.zaxxer.hikari.pool.HikariPool - HikariPool-1 - Before cleanup stats (total=1, active=0, idle=1, waiting=0)
23:48:20.931 [HikariPool-1 housekeeper] DEBUG com.zaxxer.hikari.pool.HikariPool - HikariPool-1 - After cleanup  stats (total=1, active=0, idle=1, waiting=0)
23:48:20.931 [HikariPool-1 housekeeper] DEBUG com.zaxxer.hikari.pool.HikariPool - HikariPool-1 - Fill pool skipped, pool has sufficient level or currently being filled.
23:48:50.944 [HikariPool-1 housekeeper] DEBUG com.zaxxer.hikari.pool.HikariPool - HikariPool-1 - Before cleanup stats (total=1, active=0, idle=1, waiting=0)
23:48:50.944 [HikariPool-1 housekeeper] DEBUG com.zaxxer.hikari.pool.HikariPool - HikariPool-1 - After cleanup  stats (total=1, active=0, idle=1, waiting=0)
23:48:50.944 [HikariPool-1 housekeeper] DEBUG com.zaxxer.hikari.pool.HikariPool - HikariPool-1 - Fill pool skipped, pool has sufficient level or currently being filled.
23:49:20.952 [HikariPool-1 housekeeper] DEBUG com.zaxxer.hikari.pool.HikariPool - HikariPool-1 - Before cleanup stats (total=1, active=0, idle=1, waiting=0)
23:49:20.952 [HikariPool-1 housekeeper] DEBUG com.zaxxer.hikari.pool.HikariPool - HikariPool-1 - After cleanup  stats (total=1, active=0, idle=1, waiting=0)
23:49:20.952 [HikariPool-1 housekeeper] DEBUG com.zaxxer.hikari.pool.HikariPool - HikariPool-1 - Fill pool skipped, pool has sufficient level or currently being filled.
23:49:50.959 [HikariPool-1 housekeeper] DEBUG com.zaxxer.hikari.pool.HikariPool - HikariPool-1 - Before cleanup stats (total=1, active=0, idle=1, waiting=0)
23:49:50.959 [HikariPool-1 housekeeper] DEBUG com.zaxxer.hikari.pool.HikariPool - HikariPool-1 - After cleanup  stats (total=1, active=0, idle=1, waiting=0)
23:49:50.959 [HikariPool-1 housekeeper] DEBUG com.zaxxer.hikari.pool.HikariPool - HikariPool-1 - Fill pool skipped, pool has sufficient level or currently being filled.
23:50:04.675 [SpringApplicationShutdownHook] DEBUG o.s.b.a.ApplicationAvailabilityBean - Application availability state ReadinessState changed from ACCEPTING_TRAFFIC to REFUSING_TRAFFIC
23:50:04.690 [SpringApplicationShutdownHook] DEBUG o.s.b.w.s.c.AnnotationConfigServletWebServerApplicationContext - Closing org.springframework.boot.web.servlet.context.AnnotationConfigServletWebServerApplicationContext@f415a95, started on Sun May 11 17:28:54 CEST 2025
23:50:04.926 [SpringApplicationShutdownHook] DEBUG o.s.c.s.DefaultLifecycleProcessor - Stopping beans in phase 2147482623
23:50:05.016 [SpringApplicationShutdownHook] INFO  o.s.b.w.e.tomcat.GracefulShutdown - Commencing graceful shutdown. Waiting for active requests to complete
23:50:05.635 [tomcat-shutdown] INFO  o.s.b.w.e.tomcat.GracefulShutdown - Graceful shutdown complete
23:50:05.638 [SpringApplicationShutdownHook] DEBUG o.s.c.s.DefaultLifecycleProcessor - Stopping beans in phase 2147481599
23:50:05.639 [tomcat-shutdown] DEBUG o.s.c.s.DefaultLifecycleProcessor - Bean 'webServerGracefulShutdown' completed its stop procedure
23:50:05.679 [SpringApplicationShutdownHook] DEBUG o.s.c.s.DefaultLifecycleProcessor - Bean 'webServerStartStop' completed its stop procedure
23:50:05.679 [SpringApplicationShutdownHook] DEBUG o.s.c.s.DefaultLifecycleProcessor - Stopping beans in phase 1073741823
23:50:05.681 [SpringApplicationShutdownHook] DEBUG o.s.c.s.DefaultLifecycleProcessor - Bean 'applicationTaskExecutor' completed its stop procedure
23:50:05.681 [SpringApplicationShutdownHook] DEBUG o.s.c.s.DefaultLifecycleProcessor - Stopping beans in phase -2147483647
23:50:05.688 [SpringApplicationShutdownHook] DEBUG o.s.c.s.DefaultLifecycleProcessor - Bean 'springBootLoggingLifecycle' completed its stop procedure
23:50:05.700 [SpringApplicationShutdownHook] DEBUG o.s.s.c.ThreadPoolTaskExecutor - Shutting down ExecutorService 'applicationTaskExecutor'
23:50:05.724 [SpringApplicationShutdownHook] DEBUG o.s.j.e.a.AnnotationMBeanExporter - Unregistering JMX-exposed beans on shutdown
23:50:05.737 [SpringApplicationShutdownHook] DEBUG o.s.j.e.a.AnnotationMBeanExporter - Unregistering JMX-exposed beans
23:50:05.743 [SpringApplicationShutdownHook] INFO  com.zaxxer.hikari.HikariDataSource - HikariPool-1 - Shutdown initiated...
23:50:05.744 [SpringApplicationShutdownHook] DEBUG com.zaxxer.hikari.pool.HikariPool - HikariPool-1 - Before shutdown stats (total=1, active=0, idle=1, waiting=0)
23:50:05.770 [HikariPool-1 connection closer] DEBUG com.zaxxer.hikari.pool.PoolBase - HikariPool-1 - Closing connection org.postgresql.jdbc.PgConnection@afb44de: (connection evicted)
23:50:05.776 [SpringApplicationShutdownHook] DEBUG com.zaxxer.hikari.pool.HikariPool - HikariPool-1 - After shutdown stats (total=0, active=0, idle=0, waiting=0)
23:50:05.776 [SpringApplicationShutdownHook] INFO  com.zaxxer.hikari.HikariDataSource - HikariPool-1 - Shutdown completed.
